<?xml version="1.0" encoding="UTF-8"?>
<testsuite xmlns:xsi="http://www.w3.org/2001/XMLSchema-instance" xsi:noNamespaceSchemaLocation="https://maven.apache.org/surefire/maven-surefire-plugin/xsd/surefire-test-report-3.0.xsd" version="3.0" name="com.medical.app.MedicalApplicationTests" time="17.871" tests="1" errors="0" skipped="0" failures="0">
  <properties>
[...]
</properties>
  <testcase name="contextLoads" classname="com.medical.app.MedicalApplicationTests" time="0.964">
    <system-out><![CDATA[19:48:04.095 [main] INFO org.springframework.test.context.support.AnnotationConfigContextLoaderUtils -- Could not detect default configuration classes for test class [com.medical.app.MedicalApplicationTests]: MedicalApplicationTests does not declare any static, non-private, non-final, nested classes annotated with @Configuration.
19:48:04.315 [main] INFO org.springframework.boot.test.context.SpringBootTestContextBootstrapper -- Found @SpringBootConfiguration com.medical.app.MedicalApplication for test class com.medical.app.MedicalApplicationTests
19:48:04.676 [main] INFO org.springframework.boot.devtools.restart.RestartApplicationListener -- Restart disabled due to context in which it is running

  .   ____          _            __ _ _
 /\\ / ___'_ __ _ _(_)_ __  __ _ \ \ \ \
( ( )\___ | '_ | '_| | '_ \/ _` | \ \ \ \
 \\/  ___)| |_)| | | | | || (_| |  ) ) ) )
  '  |____| .__|_| |_|_| |_\__, | / / / /
 =========|_|==============|___/=/_/_/_/
 :: Spring Boot ::                (v3.2.2)

2024-07-18T19:48:05.134-03:00  INFO 20352 --- [           main] c.medical.app.MedicalApplicationTests    : Starting MedicalApplicationTests using Java 17.0.10 with PID 20352 (started by franc in C:\Users\franc\OneDrive\Escritorio\no country\c16-42-n-java\Backend)
2024-07-18T19:48:05.137-03:00  INFO 20352 --- [           main] c.medical.app.MedicalApplicationTests    : No active profile set, falling back to 1 default profile: "default"
2024-07-18T19:48:06.741-03:00  INFO 20352 --- [           main] .s.d.r.c.RepositoryConfigurationDelegate : Bootstrapping Spring Data JPA repositories in DEFAULT mode.
2024-07-18T19:48:06.892-03:00  INFO 20352 --- [           main] .s.d.r.c.RepositoryConfigurationDelegate : Finished Spring Data repository scanning in 134 ms. Found 6 JPA repository interfaces.
2024-07-18T19:48:07.741-03:00  INFO 20352 --- [           main] o.hibernate.jpa.internal.util.LogHelper  : HHH000204: Processing PersistenceUnitInfo [name: default]
2024-07-18T19:48:07.886-03:00  INFO 20352 --- [           main] org.hibernate.Version                    : HHH000412: Hibernate ORM core version 6.4.1.Final
2024-07-18T19:48:07.965-03:00  INFO 20352 --- [           main] o.h.c.internal.RegionFactoryInitiator    : HHH000026: Second-level cache disabled
2024-07-18T19:48:08.580-03:00  INFO 20352 --- [           main] o.s.o.j.p.SpringPersistenceUnitInfo      : No LoadTimeWeaver setup: ignoring JPA class transformer
2024-07-18T19:48:08.640-03:00  INFO 20352 --- [           main] com.zaxxer.hikari.HikariDataSource       : HikariPool-1 - Starting...
2024-07-18T19:48:11.572-03:00  INFO 20352 --- [           main] com.zaxxer.hikari.pool.HikariPool        : HikariPool-1 - Added connection com.mysql.cj.jdbc.ConnectionImpl@8d45cf
2024-07-18T19:48:11.581-03:00  INFO 20352 --- [           main] com.zaxxer.hikari.HikariDataSource       : HikariPool-1 - Start completed.
2024-07-18T19:48:12.143-03:00  WARN 20352 --- [           main] org.hibernate.orm.deprecation            : HHH90000025: MySQLDialect does not need to be specified explicitly using 'hibernate.dialect' (remove the property setting and it will be selected by default)
2024-07-18T19:48:12.505-03:00  WARN 20352 --- [           main] o.h.b.model.internal.AnnotationBinder    : HHH000503: A class should not be annotated with both @Inheritance and @MappedSuperclass. @Inheritance will be ignored for: com.medical.app.models.User.
2024-07-18T19:48:14.141-03:00  INFO 20352 --- [           main] o.h.e.t.j.p.i.JtaPlatformInitiator       : HHH000489: No JTA platform available (set 'hibernate.transaction.jta.platform' to enable JTA platform integration)
2024-07-18T19:48:16.102-03:00  INFO 20352 --- [           main] j.LocalContainerEntityManagerFactoryBean : Initialized JPA EntityManagerFactory for persistence unit 'default'
2024-07-18T19:48:16.513-03:00  INFO 20352 --- [           main] o.s.d.j.r.query.QueryEnhancerFactory     : Hibernate is in classpath; If applicable, HQL parser will be used.
2024-07-18T19:48:18.014-03:00  WARN 20352 --- [           main] JpaBaseConfiguration$JpaWebConfiguration : spring.jpa.open-in-view is enabled by default. Therefore, database queries may be performed during view rendering. Explicitly configure spring.jpa.open-in-view to disable this warning
2024-07-18T19:48:18.834-03:00  INFO 20352 --- [           main] c.medical.app.MedicalApplicationTests    : Started MedicalApplicationTests in 14.181 seconds (process running for 16.167)
Hibernate: select count(*) from rol r1_0
]]></system-out>
  </testcase>
</testsuite>